<?xml version="1.0" encoding="UTF-8"?>
<testsuite xmlns:xsi="http://www.w3.org/2001/XMLSchema-instance" xsi:noNamespaceSchemaLocation="https://maven.apache.org/surefire/maven-surefire-plugin/xsd/surefire-test-report.xsd" name="definitions.RozetkaTests" time="18.044" tests="17" errors="0" skipped="4" failures="0">
  <properties>
[...]
</properties>
  <testcase name="BeforeStories" classname="java.lang.Object" time="0.089"/>
  <testcase name="Given Customer open site" classname="definitions.rozetka.RozetkaStepDefinitions" time="5.892"/>
  <testcase name="When Customer klick log in" classname="definitions.rozetka.RozetkaStepDefinitions" time="0.814"/>
  <testcase name="And Customer write &apos;&lt;mail&gt;&apos;" classname="definitions.rozetka.RozetkaStepDefinitions" time="1.258"/>
  <testcase name="And Write &apos;&lt;password&gt;&apos;" classname="definitions.rozetka.RozetkaStepDefinitions" time="0.88"/>
  <testcase name="And Customer klick submit" classname="definitions.rozetka.RozetkaStepDefinitions" time="0.567"/>
  <testcase name="Then Customer see &apos;&lt;userName&gt;&apos; on home page" classname="definitions.rozetka.RozetkaStepDefinitions" time="0.369"/>
  <testcase name="Scenario: log in" classname="Scenario: log in" time="0.457"/>
  <testcase name="Given Customer open site​" classname="definitions.rozetka.RozetkaStepDefinitions" time="4.192"/>
  <testcase name="When Customer hovers the mouse cursor over &quot;smartphones, TV and electronics&quot; in the product catalog, which is located on the left side of the page" classname="definitions.rozetka.RozetkaStepDefinitions" time="0.619"/>
  <testcase name="[PENDING] When Customer clicks &quot;Smartphones&quot;" classname="[PENDING] When Customer clicks &quot;Smartphones&quot;" time="0">
    <skipped/>
    <system-out><![CDATA[
When Customer hovers the mouse cursor over "smartphones, TV and electronics" in the product catalog, which is located on the left side of the page
]]></system-out>
  </testcase>
  <testcase name="[PENDING] When Customer clicks the cart on the first product" classname="[PENDING] When Customer clicks the cart on the first product" time="0">
    <skipped/>
    <system-out><![CDATA[
When Customer clicks "Smartphones" (PENDING)
]]></system-out>
  </testcase>
  <testcase name="[PENDING] When Customer clicks the cart on header" classname="[PENDING] When Customer clicks the cart on header" time="0">
    <skipped/>
    <system-out><![CDATA[When Customer clicks the cart on the first product (PENDING)
]]></system-out>
  </testcase>
  <testcase name="[PENDING] Then Customer sees the selected product in the cart" classname="[PENDING] Then Customer sees the selected product in the cart" time="0">
    <skipped/>
    <system-out><![CDATA[When Customer clicks the cart on header (PENDING)
]]></system-out>
  </testcase>
  <testcase name="Scenario: Adding items to cart" classname="Scenario: Adding items to cart" time="0.641"/>
  <testcase name="RozetkaTests․story" classname="RozetkaTests․story" time="0.884"/>
  <testcase name="AfterStories" classname="java.lang.Object" time="0.001"/>
</testsuite>