<?xml version="1.0" encoding="UTF-8"?>
<testsuite xmlns:xsi="http://www.w3.org/2001/XMLSchema-instance" xsi:noNamespaceSchemaLocation="https://maven.apache.org/surefire/maven-surefire-plugin/xsd/surefire-test-report-3.0.xsd" version="3.0" name="definitions.RozetkaAllTests" time="18.631" tests="58" errors="0" skipped="50" failures="0">
  <properties>
[...]
</properties>
  <testcase name="BeforeStories" classname="java.lang.Object" time="0.066"/>
  <testcase name="Given Customer open site" classname="definitions.rozetka.RozetkaStepDefinitions" time="6.619"/>
  <testcase name="When Customer click log in" classname="definitions.rozetka.RozetkaStepDefinitions" time="0.771"/>
  <testcase name="And Customer write &apos;&lt;mail&gt;&apos;" classname="definitions.rozetka.RozetkaStepDefinitions" time="0.944"/>
  <testcase name="And Write &apos;&lt;password&gt;&apos;" classname="definitions.rozetka.RozetkaStepDefinitions" time="0.749"/>
  <testcase name="And Customer click submit" classname="definitions.rozetka.RozetkaStepDefinitions" time="0.594"/>
  <testcase name="Then Customer see &apos;&lt;userName&gt;&apos; on home page" classname="definitions.rozetka.RozetkaStepDefinitions" time="0.765"/>
  <testcase name="[PENDING] !--" classname="[PENDING] !--" time="0">
    <skipped/>
    <system-out><![CDATA[
!--
!-- Scenario: incorrect credentialіs to login (PENDING)
]]></system-out>
    <system-err><![CDATA[[pool-1-thread-1] INFO net.thucydides.core.steps.ConsoleLoggingListener - STARTING STEP !--
!-- Scenario: incorrect credentialіs to login
[pool-1-thread-1] INFO net.thucydides.core.steps.ConsoleLoggingListener - TEST PENDING
[pool-1-thread-1] INFO net.thucydides.core.steps.ConsoleLoggingListener - PENDING STEP
]]></system-err>
  </testcase>
  <testcase name="!-- Given Customer open site" classname="!-- Given Customer open site" time="0">
    <skipped/>
    <system-out><![CDATA[!-- Meta: @logInCheck
!-- Given Customer open site
]]></system-out>
    <system-err><![CDATA[[pool-1-thread-1] INFO net.thucydides.core.steps.ConsoleLoggingListener - STARTING STEP !-- Meta: @logInCheck
[pool-1-thread-1] INFO net.thucydides.core.steps.ConsoleLoggingListener - IGNORING STEP
[pool-1-thread-1] INFO net.thucydides.core.steps.ConsoleLoggingListener - IGNORING STEP
]]></system-err>
  </testcase>
  <testcase name="!-- Given Customer open site" classname="!-- Given Customer open site" time="0">
    <skipped/>
    <system-out><![CDATA[!-- Scenario: adding items to cart
!-- Given Customer open site
]]></system-out>
    <system-err><![CDATA[[pool-1-thread-1] INFO net.thucydides.core.steps.ConsoleLoggingListener - STARTING STEP !-- Scenario: adding items to cart
[pool-1-thread-1] INFO net.thucydides.core.steps.ConsoleLoggingListener - IGNORING STEP
[pool-1-thread-1] INFO net.thucydides.core.steps.ConsoleLoggingListener - IGNORING STEP
]]></system-err>
  </testcase>
  <testcase name="!-- Given Customer open site" classname="!-- Given Customer open site" time="0">
    <skipped/>
    <system-out><![CDATA[!-- Scenario: checking the possibility of placing an order
!-- Given Customer open site
]]></system-out>
    <system-err><![CDATA[[pool-1-thread-1] INFO net.thucydides.core.steps.ConsoleLoggingListener - STARTING STEP !-- Scenario: checking the possibility of placing an order
[pool-1-thread-1] INFO net.thucydides.core.steps.ConsoleLoggingListener - IGNORING STEP
[pool-1-thread-1] INFO net.thucydides.core.steps.ConsoleLoggingListener - IGNORING STEP
]]></system-err>
  </testcase>
  <testcase name="!-- Given Customer open site" classname="!-- Given Customer open site" time="0">
    <skipped/>
    <system-out><![CDATA[!-- Scenario: checking the possibility of order cancellation
!-- Given Customer open site
]]></system-out>
    <system-err><![CDATA[[pool-1-thread-1] INFO net.thucydides.core.steps.ConsoleLoggingListener - STARTING STEP !-- Scenario: checking the possibility of order cancellation
[pool-1-thread-1] INFO net.thucydides.core.steps.ConsoleLoggingListener - IGNORING STEP
[pool-1-thread-1] INFO net.thucydides.core.steps.ConsoleLoggingListener - IGNORING STEP
]]></system-err>
  </testcase>
  <testcase name="!-- Given Customer open site" classname="!-- Given Customer open site" time="0">
    <skipped/>
    <system-out><![CDATA[!-- Scenario: checking that the page has 60 products
!-- Given Customer open site
]]></system-out>
    <system-err><![CDATA[[pool-1-thread-1] INFO net.thucydides.core.steps.ConsoleLoggingListener - STARTING STEP !-- Scenario: checking that the page has 60 products
[pool-1-thread-1] INFO net.thucydides.core.steps.ConsoleLoggingListener - IGNORING STEP
[pool-1-thread-1] INFO net.thucydides.core.steps.ConsoleLoggingListener - IGNORING STEP
]]></system-err>
  </testcase>
  <testcase name="!-- Given Customer open site" classname="!-- Given Customer open site" time="0">
    <skipped/>
    <system-out><![CDATA[!-- Given Customer open site
]]></system-out>
    <system-err><![CDATA[[pool-1-thread-1] INFO net.thucydides.core.steps.ConsoleLoggingListener - IGNORING STEP
]]></system-err>
  </testcase>
  <testcase name="!-- Given Customer open site" classname="!-- Given Customer open site" time="0">
    <skipped/>
    <system-out><![CDATA[!-- Given Customer open site
]]></system-out>
    <system-err><![CDATA[[pool-1-thread-1] INFO net.thucydides.core.steps.ConsoleLoggingListener - IGNORING STEP
]]></system-err>
  </testcase>
  <testcase name="!-- Given Customer open site" classname="!-- Given Customer open site" time="0">
    <skipped/>
    <system-out><![CDATA[!-- Given Customer open site
]]></system-out>
    <system-err><![CDATA[[pool-1-thread-1] INFO net.thucydides.core.steps.ConsoleLoggingListener - IGNORING STEP
]]></system-err>
  </testcase>
  <testcase name="!-- When Customer click log in" classname="!-- When Customer click log in" time="0">
    <skipped/>
    <system-out><![CDATA[!-- When Customer click log in
]]></system-out>
    <system-err><![CDATA[[pool-1-thread-1] INFO net.thucydides.core.steps.ConsoleLoggingListener - IGNORING STEP
]]></system-err>
  </testcase>
  <testcase name="!-- When Customer click log in" classname="!-- When Customer click log in" time="0">
    <skipped/>
    <system-out><![CDATA[!-- When Customer click log in
]]></system-out>
    <system-err><![CDATA[[pool-1-thread-1] INFO net.thucydides.core.steps.ConsoleLoggingListener - IGNORING STEP
]]></system-err>
  </testcase>
  <testcase name="!-- When Customer click log in" classname="!-- When Customer click log in" time="0">
    <skipped/>
    <system-out><![CDATA[!-- When Customer click log in
]]></system-out>
    <system-err><![CDATA[[pool-1-thread-1] INFO net.thucydides.core.steps.ConsoleLoggingListener - IGNORING STEP
]]></system-err>
  </testcase>
  <testcase name="!-- And Customer write &apos;&lt;mail&gt;&apos;" classname="!-- And Customer write &apos;&lt;mail&gt;&apos;" time="0">
    <skipped/>
    <system-out><![CDATA[!-- And Customer write '<mail>'
]]></system-out>
    <system-err><![CDATA[[pool-1-thread-1] INFO net.thucydides.core.steps.ConsoleLoggingListener - IGNORING STEP
]]></system-err>
  </testcase>
  <testcase name="!-- And Customer write &apos;&lt;mail&gt;&apos;" classname="!-- And Customer write &apos;&lt;mail&gt;&apos;" time="0">
    <skipped/>
    <system-out><![CDATA[!-- And Customer write '<mail>'
]]></system-out>
    <system-err><![CDATA[[pool-1-thread-1] INFO net.thucydides.core.steps.ConsoleLoggingListener - IGNORING STEP
]]></system-err>
  </testcase>
  <testcase name="!-- And Customer write &apos;&lt;mail&gt;&apos;" classname="!-- And Customer write &apos;&lt;mail&gt;&apos;" time="0">
    <skipped/>
    <system-out><![CDATA[!-- And Customer write '<mail>'
]]></system-out>
    <system-err><![CDATA[[pool-1-thread-1] INFO net.thucydides.core.steps.ConsoleLoggingListener - IGNORING STEP
]]></system-err>
  </testcase>
  <testcase name="!-- And Write &apos;&lt;password&gt;&apos;" classname="!-- And Write &apos;&lt;password&gt;&apos;" time="0">
    <skipped/>
    <system-out><![CDATA[!-- And Write '<password>'
]]></system-out>
    <system-err><![CDATA[[pool-1-thread-1] INFO net.thucydides.core.steps.ConsoleLoggingListener - IGNORING STEP
]]></system-err>
  </testcase>
  <testcase name="!-- And Write &apos;&lt;password&gt;&apos;" classname="!-- And Write &apos;&lt;password&gt;&apos;" time="0">
    <skipped/>
    <system-out><![CDATA[!-- And Write '<password>'
]]></system-out>
    <system-err><![CDATA[[pool-1-thread-1] INFO net.thucydides.core.steps.ConsoleLoggingListener - IGNORING STEP
]]></system-err>
  </testcase>
  <testcase name="!-- And Write &apos;&lt;password&gt;&apos;" classname="!-- And Write &apos;&lt;password&gt;&apos;" time="0">
    <skipped/>
    <system-out><![CDATA[!-- And Write '<password>'
]]></system-out>
    <system-err><![CDATA[[pool-1-thread-1] INFO net.thucydides.core.steps.ConsoleLoggingListener - IGNORING STEP
]]></system-err>
  </testcase>
  <testcase name="!-- And Customer click submit" classname="!-- And Customer click submit" time="0">
    <skipped/>
    <system-out><![CDATA[!-- And Customer click submit
]]></system-out>
    <system-err><![CDATA[[pool-1-thread-1] INFO net.thucydides.core.steps.ConsoleLoggingListener - IGNORING STEP
]]></system-err>
  </testcase>
  <testcase name="!-- And Customer click submit" classname="!-- And Customer click submit" time="0">
    <skipped/>
    <system-out><![CDATA[!-- And Customer click submit
]]></system-out>
    <system-err><![CDATA[[pool-1-thread-1] INFO net.thucydides.core.steps.ConsoleLoggingListener - IGNORING STEP
]]></system-err>
  </testcase>
  <testcase name="!-- And Customer click submit" classname="!-- And Customer click submit" time="0">
    <skipped/>
    <system-out><![CDATA[!-- And Customer click submit
]]></system-out>
    <system-err><![CDATA[[pool-1-thread-1] INFO net.thucydides.core.steps.ConsoleLoggingListener - IGNORING STEP
]]></system-err>
  </testcase>
  <testcase name="!-- Then Customer see error massege" classname="!-- Then Customer see error massege" time="0">
    <skipped/>
    <system-out><![CDATA[!-- Then Customer see error massege
]]></system-out>
    <system-err><![CDATA[[pool-1-thread-1] INFO net.thucydides.core.steps.ConsoleLoggingListener - IGNORING STEP
]]></system-err>
  </testcase>
  <testcase name="[PENDING] !--​" classname="[PENDING] !--​" time="0">
    <skipped/>
    <system-out><![CDATA[!--
!-- Examples: (PENDING)
]]></system-out>
    <system-err><![CDATA[[pool-1-thread-1] INFO net.thucydides.core.steps.ConsoleLoggingListener - STARTING STEP !--
!-- Examples:
[pool-1-thread-1] INFO net.thucydides.core.steps.ConsoleLoggingListener - TEST PENDING
[pool-1-thread-1] INFO net.thucydides.core.steps.ConsoleLoggingListener - PENDING STEP
]]></system-err>
  </testcase>
  <testcase name="[PENDING] !--​​" classname="[PENDING] !--​​" time="0">
    <skipped/>
    <system-out><![CDATA[!-- |   mail                   |    password        |
!-- |   detotaj146econeom.com  |    ttIEpExqjQmi1   |
!-- |   detotaj146             |    ttIEpExqjQmi1   |
!-- |   @econeom.com           |    ttIEpExqjQmi1   |
!-- |   detotaj146@econeom.com |    ttIEpExq        |
!--
!-- (PENDING)
]]></system-out>
    <system-err><![CDATA[[pool-1-thread-1] INFO net.thucydides.core.steps.ConsoleLoggingListener - STARTING STEP !-- |   mail                   |    password        |
[pool-1-thread-1] INFO net.thucydides.core.steps.ConsoleLoggingListener - IGNORING STEP
[pool-1-thread-1] INFO net.thucydides.core.steps.ConsoleLoggingListener - STARTING STEP !-- |   detotaj146econeom.com  |    ttIEpExqjQmi1   |
[pool-1-thread-1] INFO net.thucydides.core.steps.ConsoleLoggingListener - IGNORING STEP
[pool-1-thread-1] INFO net.thucydides.core.steps.ConsoleLoggingListener - STARTING STEP !-- |   detotaj146             |    ttIEpExqjQmi1   |
[pool-1-thread-1] INFO net.thucydides.core.steps.ConsoleLoggingListener - IGNORING STEP
[pool-1-thread-1] INFO net.thucydides.core.steps.ConsoleLoggingListener - STARTING STEP !-- |   @econeom.com           |    ttIEpExqjQmi1   |
[pool-1-thread-1] INFO net.thucydides.core.steps.ConsoleLoggingListener - IGNORING STEP
[pool-1-thread-1] INFO net.thucydides.core.steps.ConsoleLoggingListener - STARTING STEP !-- |   detotaj146@econeom.com |    ttIEpExq        |
[pool-1-thread-1] INFO net.thucydides.core.steps.ConsoleLoggingListener - IGNORING STEP
[pool-1-thread-1] INFO net.thucydides.core.steps.ConsoleLoggingListener - STARTING STEP !--
!--
[pool-1-thread-1] INFO net.thucydides.core.steps.ConsoleLoggingListener - TEST PENDING
[pool-1-thread-1] INFO net.thucydides.core.steps.ConsoleLoggingListener - PENDING STEP
]]></system-err>
  </testcase>
  <testcase name="!-- When Customer hovers the mouse cursor over &quot;smartphones, TV and electronics&quot; in the product catalog, which is located on the left side of the page" classname="!-- When Customer hovers the mouse cursor over &quot;smartphones, TV and electronics&quot; in the product catalog, which is located on the left side of the page" time="0">
    <skipped/>
    <system-out><![CDATA[!-- When Customer hovers the mouse cursor over "smartphones, TV and electronics" in the product catalog, which is located on the left side of the page
]]></system-out>
    <system-err><![CDATA[[pool-1-thread-1] INFO net.thucydides.core.steps.ConsoleLoggingListener - IGNORING STEP
]]></system-err>
  </testcase>
  <testcase name="!-- And Customer clicks &quot;Smartphones&quot;" classname="!-- And Customer clicks &quot;Smartphones&quot;" time="0">
    <skipped/>
    <system-out><![CDATA[!-- And Customer clicks "Smartphones"
]]></system-out>
    <system-err><![CDATA[[pool-1-thread-1] INFO net.thucydides.core.steps.ConsoleLoggingListener - IGNORING STEP
]]></system-err>
  </testcase>
  <testcase name="!-- And Customer clicks &quot;Smartphones&quot;" classname="!-- And Customer clicks &quot;Smartphones&quot;" time="0">
    <skipped/>
    <system-out><![CDATA[!-- And Customer clicks "Smartphones"
]]></system-out>
    <system-err><![CDATA[[pool-1-thread-1] INFO net.thucydides.core.steps.ConsoleLoggingListener - IGNORING STEP
]]></system-err>
  </testcase>
  <testcase name="!-- And Customer clicks the cart on the first product" classname="!-- And Customer clicks the cart on the first product" time="0">
    <skipped/>
    <system-out><![CDATA[!-- And Customer clicks the cart on the first product
]]></system-out>
    <system-err><![CDATA[[pool-1-thread-1] INFO net.thucydides.core.steps.ConsoleLoggingListener - IGNORING STEP
]]></system-err>
  </testcase>
  <testcase name="!-- And Customer clicks the cart on the first product" classname="!-- And Customer clicks the cart on the first product" time="0">
    <skipped/>
    <system-out><![CDATA[!-- And Customer clicks the cart on the first product
]]></system-out>
    <system-err><![CDATA[[pool-1-thread-1] INFO net.thucydides.core.steps.ConsoleLoggingListener - IGNORING STEP
]]></system-err>
  </testcase>
  <testcase name="!-- And Customer clicks the cart on the header" classname="!-- And Customer clicks the cart on the header" time="0">
    <skipped/>
    <system-out><![CDATA[!-- And Customer clicks the cart on the header
]]></system-out>
    <system-err><![CDATA[[pool-1-thread-1] INFO net.thucydides.core.steps.ConsoleLoggingListener - IGNORING STEP
]]></system-err>
  </testcase>
  <testcase name="!-- And Customer clicks the cart on the header" classname="!-- And Customer clicks the cart on the header" time="0">
    <skipped/>
    <system-out><![CDATA[!-- And Customer clicks the cart on the header
]]></system-out>
    <system-err><![CDATA[[pool-1-thread-1] INFO net.thucydides.core.steps.ConsoleLoggingListener - IGNORING STEP
]]></system-err>
  </testcase>
  <testcase name="!-- Then Customer sees the selected product in the cart" classname="!-- Then Customer sees the selected product in the cart" time="0">
    <skipped/>
    <system-out><![CDATA[!-- Then Customer sees the selected product in the cart
]]></system-out>
    <system-err><![CDATA[[pool-1-thread-1] INFO net.thucydides.core.steps.ConsoleLoggingListener - IGNORING STEP
]]></system-err>
  </testcase>
  <testcase name="[PENDING] !--​​​" classname="[PENDING] !--​​​" time="0">
    <skipped/>
    <system-out><![CDATA[!--
!-- (PENDING)
]]></system-out>
    <system-err><![CDATA[[pool-1-thread-1] INFO net.thucydides.core.steps.ConsoleLoggingListener - STARTING STEP !--
!--
[pool-1-thread-1] INFO net.thucydides.core.steps.ConsoleLoggingListener - TEST PENDING
[pool-1-thread-1] INFO net.thucydides.core.steps.ConsoleLoggingListener - PENDING STEP
]]></system-err>
  </testcase>
  <testcase name="!-- And Customer hovers the mouse cursor over &quot;smartphones, TV and electronics&quot; in the product catalog, which is located on the left side of the page" classname="!-- And Customer hovers the mouse cursor over &quot;smartphones, TV and electronics&quot; in the product catalog, which is located on the left side of the page" time="0">
    <skipped/>
    <system-out><![CDATA[!-- And Customer hovers the mouse cursor over "smartphones, TV and electronics" in the product catalog, which is located on the left side of the page
]]></system-out>
    <system-err><![CDATA[[pool-1-thread-1] INFO net.thucydides.core.steps.ConsoleLoggingListener - IGNORING STEP
]]></system-err>
  </testcase>
  <testcase name="!-- And Customer presses the &apos;place an order&apos; button" classname="!-- And Customer presses the &apos;place an order&apos; button" time="0">
    <skipped/>
    <system-out><![CDATA[!-- And Customer presses the 'place an order' button
]]></system-out>
    <system-err><![CDATA[[pool-1-thread-1] INFO net.thucydides.core.steps.ConsoleLoggingListener - IGNORING STEP
]]></system-err>
  </testcase>
  <testcase name="!-- And Customer selects the delivery point" classname="!-- And Customer selects the delivery point" time="0">
    <skipped/>
    <system-out><![CDATA[!-- And Customer selects the delivery point
]]></system-out>
    <system-err><![CDATA[[pool-1-thread-1] INFO net.thucydides.core.steps.ConsoleLoggingListener - IGNORING STEP
]]></system-err>
  </testcase>
  <testcase name="!-- And Customer presses the order confirmation button" classname="!-- And Customer presses the order confirmation button" time="0">
    <skipped/>
    <system-out><![CDATA[!-- And Customer presses the order confirmation button
]]></system-out>
    <system-err><![CDATA[[pool-1-thread-1] INFO net.thucydides.core.steps.ConsoleLoggingListener - IGNORING STEP
]]></system-err>
  </testcase>
  <testcase name="!-- Then Customer sees the order number" classname="!-- Then Customer sees the order number" time="0">
    <skipped/>
    <system-out><![CDATA[!-- Then Customer sees the order number
]]></system-out>
    <system-err><![CDATA[[pool-1-thread-1] INFO net.thucydides.core.steps.ConsoleLoggingListener - IGNORING STEP
]]></system-err>
  </testcase>
  <testcase name="[PENDING] !--​​​​" classname="[PENDING] !--​​​​" time="0">
    <skipped/>
    <system-out><![CDATA[!--
!-- Examples: (PENDING)
]]></system-out>
    <system-err><![CDATA[[pool-1-thread-1] INFO net.thucydides.core.steps.ConsoleLoggingListener - STARTING STEP !--
!-- Examples:
[pool-1-thread-1] INFO net.thucydides.core.steps.ConsoleLoggingListener - TEST PENDING
[pool-1-thread-1] INFO net.thucydides.core.steps.ConsoleLoggingListener - PENDING STEP
]]></system-err>
  </testcase>
  <testcase name="[PENDING] !--​​​​​" classname="[PENDING] !--​​​​​" time="0">
    <skipped/>
    <system-out><![CDATA[!-- |   mail                   |    password        |   userName         |
!-- |   detotaj146@econeom.com |    ttIEpExqjQmi1   |  Никола Питерский  |
!--
!-- (PENDING)
]]></system-out>
    <system-err><![CDATA[[pool-1-thread-1] INFO net.thucydides.core.steps.ConsoleLoggingListener - STARTING STEP !-- |   mail                   |    password        |   userName         |
[pool-1-thread-1] INFO net.thucydides.core.steps.ConsoleLoggingListener - IGNORING STEP
[pool-1-thread-1] INFO net.thucydides.core.steps.ConsoleLoggingListener - STARTING STEP !-- |   detotaj146@econeom.com |    ttIEpExqjQmi1   |  Никола Питерский  |
[pool-1-thread-1] INFO net.thucydides.core.steps.ConsoleLoggingListener - IGNORING STEP
[pool-1-thread-1] INFO net.thucydides.core.steps.ConsoleLoggingListener - STARTING STEP !--
!--
[pool-1-thread-1] INFO net.thucydides.core.steps.ConsoleLoggingListener - TEST PENDING
[pool-1-thread-1] INFO net.thucydides.core.steps.ConsoleLoggingListener - PENDING STEP
]]></system-err>
  </testcase>
  <testcase name="!-- And Customer hovers the mouse cursor over the username" classname="!-- And Customer hovers the mouse cursor over the username" time="0">
    <skipped/>
    <system-out><![CDATA[!-- And Customer hovers the mouse cursor over the username
]]></system-out>
    <system-err><![CDATA[[pool-1-thread-1] INFO net.thucydides.core.steps.ConsoleLoggingListener - IGNORING STEP
]]></system-err>
  </testcase>
  <testcase name="!-- And clicks &apos;my orders&apos;" classname="!-- And clicks &apos;my orders&apos;" time="0">
    <skipped/>
    <system-out><![CDATA[!-- And clicks 'my orders'
]]></system-out>
    <system-err><![CDATA[[pool-1-thread-1] INFO net.thucydides.core.steps.ConsoleLoggingListener - IGNORING STEP
]]></system-err>
  </testcase>
  <testcase name="!-- And clicks &apos;cancel order&apos;" classname="!-- And clicks &apos;cancel order&apos;" time="0">
    <skipped/>
    <system-out><![CDATA[!-- And clicks 'cancel order'
]]></system-out>
    <system-err><![CDATA[[pool-1-thread-1] INFO net.thucydides.core.steps.ConsoleLoggingListener - IGNORING STEP
]]></system-err>
  </testcase>
  <testcase name="!-- And click &apos;yes&apos; in the order cancellation window to confirm" classname="!-- And click &apos;yes&apos; in the order cancellation window to confirm" time="0">
    <skipped/>
    <system-out><![CDATA[!-- And click 'yes' in the order cancellation window to confirm
]]></system-out>
    <system-err><![CDATA[[pool-1-thread-1] INFO net.thucydides.core.steps.ConsoleLoggingListener - IGNORING STEP
]]></system-err>
  </testcase>
  <testcase name="!-- Then Customer sees a cancellation message in front of your order" classname="!-- Then Customer sees a cancellation message in front of your order" time="0">
    <skipped/>
    <system-out><![CDATA[!-- Then Customer sees a cancellation message in front of your order
]]></system-out>
    <system-err><![CDATA[[pool-1-thread-1] INFO net.thucydides.core.steps.ConsoleLoggingListener - IGNORING STEP
]]></system-err>
  </testcase>
  <testcase name="[PENDING] !--​​​​​​" classname="[PENDING] !--​​​​​​" time="0">
    <skipped/>
    <system-out><![CDATA[!--
!-- Examples: (PENDING)
]]></system-out>
    <system-err><![CDATA[[pool-1-thread-1] INFO net.thucydides.core.steps.ConsoleLoggingListener - STARTING STEP !--
!-- Examples:
[pool-1-thread-1] INFO net.thucydides.core.steps.ConsoleLoggingListener - TEST PENDING
[pool-1-thread-1] INFO net.thucydides.core.steps.ConsoleLoggingListener - PENDING STEP
]]></system-err>
  </testcase>
  <testcase name="[PENDING] !--​​​​​​​" classname="[PENDING] !--​​​​​​​" time="0">
    <skipped/>
    <system-out><![CDATA[!-- |   mail                   |    password        |   userName         |
!-- |   detotaj146@econeom.com |    ttIEpExqjQmi1   |  Никола Питерский  |
!--
 (PENDING)
]]></system-out>
    <system-err><![CDATA[[pool-1-thread-1] INFO net.thucydides.core.steps.ConsoleLoggingListener - STARTING STEP !-- |   mail                   |    password        |   userName         |
[pool-1-thread-1] INFO net.thucydides.core.steps.ConsoleLoggingListener - IGNORING STEP
[pool-1-thread-1] INFO net.thucydides.core.steps.ConsoleLoggingListener - STARTING STEP !-- |   detotaj146@econeom.com |    ttIEpExqjQmi1   |  Никола Питерский  |
[pool-1-thread-1] INFO net.thucydides.core.steps.ConsoleLoggingListener - IGNORING STEP
[pool-1-thread-1] INFO net.thucydides.core.steps.ConsoleLoggingListener - STARTING STEP !--
[pool-1-thread-1] INFO net.thucydides.core.steps.ConsoleLoggingListener - TEST PENDING
[pool-1-thread-1] INFO net.thucydides.core.steps.ConsoleLoggingListener - PENDING STEP
]]></system-err>
  </testcase>
  <testcase name="[PENDING] !--​​​​​​​​" classname="[PENDING] !--​​​​​​​​" time="0">
    <skipped/>
    <system-out><![CDATA[!--
!-- Scenario: checking the possibility of sorting by price increase (PENDING)
]]></system-out>
    <system-err><![CDATA[[pool-1-thread-1] INFO net.thucydides.core.steps.ConsoleLoggingListener - STARTING STEP !--
!-- Scenario: checking the possibility of sorting by price increase
[pool-1-thread-1] INFO net.thucydides.core.steps.ConsoleLoggingListener - TEST PENDING
[pool-1-thread-1] INFO net.thucydides.core.steps.ConsoleLoggingListener - PENDING STEP
]]></system-err>
  </testcase>
  <testcase name="[PENDING] !--​​​​​​​​​" classname="[PENDING] !--​​​​​​​​​" time="0">
    <skipped/>
    <system-out><![CDATA[!--
!-- Scenario: checking the work of comparing goods (PENDING)
]]></system-out>
    <system-err><![CDATA[[pool-1-thread-1] INFO net.thucydides.core.steps.ConsoleLoggingListener - STARTING STEP !--
!-- Scenario: checking the work of comparing goods
[pool-1-thread-1] INFO net.thucydides.core.steps.ConsoleLoggingListener - TEST PENDING
[pool-1-thread-1] INFO net.thucydides.core.steps.ConsoleLoggingListener - PENDING STEP
]]></system-err>
  </testcase>
  <testcase name="[PENDING] !--​​​​​​​​​​" classname="[PENDING] !--​​​​​​​​​​" time="0">
    <skipped/>
    <system-out><![CDATA[!--
!-- Scenario: checking the possibility of opening the necessary goods (PENDING)
]]></system-out>
    <system-err><![CDATA[[pool-1-thread-1] INFO net.thucydides.core.steps.ConsoleLoggingListener - STARTING STEP !--
!-- Scenario: checking the possibility of opening the necessary goods
[pool-1-thread-1] INFO net.thucydides.core.steps.ConsoleLoggingListener - TEST PENDING
[pool-1-thread-1] INFO net.thucydides.core.steps.ConsoleLoggingListener - PENDING STEP
]]></system-err>
  </testcase>
  <testcase name="AfterStories" classname="java.lang.Object" time="1.936"/>
</testsuite>